<?xml version="1.0" encoding="UTF-8"?>
<testsuite xmlns:xsi="http://www.w3.org/2001/XMLSchema-instance" xsi:noNamespaceSchemaLocation="https://maven.apache.org/surefire/maven-surefire-plugin/xsd/surefire-test-report.xsd" name="TestSuite" time="45.962" tests="5" errors="0" skipped="0" failures="3">
  <properties>
[...]
</properties>
  <testcase name="logintowordpress" classname="com.wordpress.tests.TestSeleniumChrome" time="10.918"/>
  <testcase name="logintowordpress" classname="com.wordpress.tests.TestSeleniumChrome" time="7.45">
    <failure message="expected [http://demosite.center/wordpress/wp-login.php] but found [http://demosite.center/wordpress/wp-admin/]" type="java.lang.AssertionError">java.lang.AssertionError: expected [http://demosite.center/wordpress/wp-login.php] but found [http://demosite.center/wordpress/wp-admin/]
	at com.wordpress.tests.TestSeleniumChrome.logintowordpress(TestSeleniumChrome.java:35)
</failure>
    <system-out><![CDATA[Navigation to URL
]]></system-out>
    <system-err><![CDATA[Starting ChromeDriver 85.0.4183.87 (cd6713ebf92fa1cacc0f1a598df280093af0c5d7-refs/branch-heads/4183@{#1689}) on port 12701
Only local connections are allowed.
Please see https://chromedriver.chromium.org/security-considerations for suggestions on keeping ChromeDriver safe.
ChromeDriver was started successfully.
[1603851545.951][WARNING]: This version of ChromeDriver has not been tested with Chrome version 86.
Oct 27, 2020 10:19:07 PM org.openqa.selenium.remote.ProtocolHandshake createSession
INFO: Detected dialect: W3C
]]></system-err>
  </testcase>
  <testcase name="logintowordpress" classname="com.wordpress.tests.TestSeleniumChrome" time="7.632">
    <failure message="expected [http://demosite.center/wordpress/wp-login.php] but found [http://demosite.center/wordpress/wp-admin/]" type="java.lang.AssertionError">java.lang.AssertionError: expected [http://demosite.center/wordpress/wp-login.php] but found [http://demosite.center/wordpress/wp-admin/]
	at com.wordpress.tests.TestSeleniumChrome.logintowordpress(TestSeleniumChrome.java:35)
</failure>
    <system-out><![CDATA[Navigation to URL
]]></system-out>
    <system-err><![CDATA[Starting ChromeDriver 85.0.4183.87 (cd6713ebf92fa1cacc0f1a598df280093af0c5d7-refs/branch-heads/4183@{#1689}) on port 19195
Only local connections are allowed.
Please see https://chromedriver.chromium.org/security-considerations for suggestions on keeping ChromeDriver safe.
ChromeDriver was started successfully.
[1603851554.017][WARNING]: This version of ChromeDriver has not been tested with Chrome version 86.
Oct 27, 2020 10:19:16 PM org.openqa.selenium.remote.ProtocolHandshake createSession
INFO: Detected dialect: W3C
]]></system-err>
  </testcase>
  <testcase name="logintowordpress" classname="com.wordpress.tests.TestSeleniumChrome" time="7.392">
    <failure message="expected [http://demosite.center/wordpress/wp-login.php] but found [http://demosite.center/wordpress/wp-admin/]" type="java.lang.AssertionError">java.lang.AssertionError: expected [http://demosite.center/wordpress/wp-login.php] but found [http://demosite.center/wordpress/wp-admin/]
	at com.wordpress.tests.TestSeleniumChrome.logintowordpress(TestSeleniumChrome.java:35)
</failure>
    <system-out><![CDATA[Navigation to URL
]]></system-out>
    <system-err><![CDATA[Starting ChromeDriver 85.0.4183.87 (cd6713ebf92fa1cacc0f1a598df280093af0c5d7-refs/branch-heads/4183@{#1689}) on port 22971
Only local connections are allowed.
Please see https://chromedriver.chromium.org/security-considerations for suggestions on keeping ChromeDriver safe.
ChromeDriver was started successfully.
[1603851562.331][WARNING]: This version of ChromeDriver has not been tested with Chrome version 86.
Oct 27, 2020 10:19:24 PM org.openqa.selenium.remote.ProtocolHandshake createSession
INFO: Detected dialect: W3C
]]></system-err>
  </testcase>
  <testcase name="checkValidlogin" classname="com.wordpress.tests.Wordpressvalidlogin" time="8.82"/>
</testsuite>